load data successfully ......
      Iter       Train Loss   Remaining Time 
         1           0.0006        15870.81m
         2           0.0005        15084.82m
         3           0.0004        14447.16m
         4           0.0003        14286.90m
         5           0.0003        14338.38m
         6           0.0002        14298.28m
         7           0.0002        14215.20m
         8           0.0001        14195.64m
         9           0.0001        14104.88m
        10           0.0001        13983.17m
        11           0.0001        13904.10m
        12           0.0001        13870.78m
        13           0.0000        13933.15m
        14           0.0000        13935.37m
        15           0.0000        13899.98m
        16           0.0000        13846.95m
        17           0.0000        13844.45m
        18           0.0000        13808.22m
        19           0.0000        13991.62m
        20           0.0000        13965.61m
        21           0.0000        13935.89m
        22           0.0000        13917.87m
        23           0.0000        13882.92m
        24           0.0000        13872.56m
        25           0.0000        13833.25m
        26           0.0000        13826.67m
        27           0.0000        13768.58m
        28           0.0000        13721.72m
        29           0.0000        13703.01m
        30           0.0000        13935.47m
        31           0.0000        13945.94m
        32           0.0000        13902.94m
        33           0.0000        14110.44m
        34           0.0000        14043.34m
        35           0.0000        14005.59m
        36           0.0000        13971.07m
        37           0.0000        13936.96m
        38           0.0000        13880.72m
        39           0.0000        13828.84m
        40           0.0000        13792.47m
        41           0.0000        13747.84m
        42           0.0000        13714.37m
        43           0.0000        13651.90m
        44           0.0000        13608.31m
        45           0.0000        13568.64m
        46           0.0000        13516.99m
        47           0.0000        13487.79m
        48           0.0000        13451.34m
        49           0.0000        13418.41m
        50           0.0000        13381.45m
        51           0.0000        13325.63m
        52           0.0000        13274.58m
        53           0.0000        13258.72m
        54           0.0000        13227.58m
        55           0.0000        13201.00m
        56           0.0000        13153.03m
        57           0.0000        13116.51m
        58           0.0000        13094.71m
        59           0.0000        13046.99m
        60           0.0000        12999.42m
        61           0.0000        12974.40m
        62           0.0000        12951.04m
        63           0.0000        12907.70m
        64           0.0000        12872.12m
        65           0.0000        13004.76m
        66           0.0000        12972.54m
        67           0.0000        12971.10m
        68           0.0000        12935.21m
        69           0.0000        12895.82m
        70           0.0000        12864.36m
        71           0.0000        12838.37m
        72           0.0000        12927.92m
        73           0.0000        12875.11m
        74           0.0000        12863.25m
        75           0.0000        12842.65m
        76           0.0000        12804.42m
        77           0.0000        12778.33m
        78           0.0000        12736.15m
        79           0.0000        12698.43m
        80           0.0000        12676.69m
        81           0.0000        12651.19m
        82           0.0000        12622.13m
        83           0.0000        12578.01m
        84           0.0000        12516.65m
        85           0.0000        12484.56m
        86           0.0000        12463.20m
        87           0.0000        12425.64m
        88           0.0000        12488.31m
        89           0.0000        12506.66m
        90           0.0000        12586.12m
        91           0.0000        12556.76m
        92           0.0000        12536.84m
        93           0.0000        12499.38m
        94           0.0000        12448.92m
        95           0.0000        12342.83m
        96           0.0000        12233.88m
        97           0.0000        12122.43m
        98           0.0000        12013.49m
        99           0.0000        11907.31m
       100           0.0000        11803.92m
       101           0.0000        11700.95m
       102           0.0000        11605.79m
       103           0.0000        11504.61m
       104           0.0000        11412.02m
       105           0.0000        11321.57m
       106           0.0000        11232.30m
       107           0.0000        11142.66m
       108           0.0000        11056.59m
       109           0.0000        10974.20m
       110           0.0000        10889.37m
       111           0.0000        10806.71m
       112           0.0000        10724.32m
       113           0.0000        10645.43m
       114           0.0000        10570.76m
       115           0.0000        10496.56m
       116           0.0000        10420.45m
       117           0.0000        10344.48m
       118           0.0000        10271.63m
       119           0.0000        10198.34m
       120           0.0000        10127.93m
       121           0.0000        10058.80m
       122           0.0000         9982.31m
       123           0.0000         9914.64m
       124           0.0000         9849.18m
       125           0.0000         9782.63m
       126           0.0000         9715.80m
       127           0.0000         9649.56m
       128           0.0000         9586.22m
       129           0.0000         9516.94m
       130           0.0000         9452.15m
       131           0.0000         9388.90m
       132           0.0000         9330.13m
       133           0.0000         9275.63m
       134           0.0000         9219.30m
       135           0.0000         9159.41m
       136           0.0000         9106.43m
       137           0.0000         9051.34m
       138           0.0000         8993.60m
       139           0.0000         8940.92m
       140           0.0000         8888.94m
       141           0.0000         8835.63m
       142           0.0000         8786.52m
       143           0.0000         8737.36m
       144           0.0000         8687.06m
       145           0.0000         8637.01m
       146           0.0000         8590.69m
       147           0.0000         8544.18m
       148           0.0000         8500.02m
       149           0.0000         8455.82m
       150           0.0000         8411.03m
       151           0.0000         8363.39m
       152           0.0000         8317.86m
       153           0.0000         8274.13m
       154           0.0000         8233.13m
       155           0.0000         8188.95m
       156           0.0000         8148.75m
       157           0.0000         8105.54m
       158           0.0000         8062.35m
       159           0.0000         8021.09m
       160           0.0000         7980.45m
       161           0.0000         7938.99m
       162           0.0000         7897.81m
       163           0.0000         7856.83m
       164           0.0000         7817.31m
       165           0.0000         7779.86m
       166           0.0000         7744.31m
       167           0.0000         7709.09m
       168           0.0000         7672.39m
       169           0.0000         7636.82m
       170           0.0000         7601.98m
       171           0.0000         7564.48m
       172           0.0000         7530.33m
       173           0.0000         7496.14m
       174           0.0000         7464.17m
       175           0.0000         7433.04m
       176           0.0000         7400.73m
       177           0.0000         7369.00m
       178           0.0000         7334.76m
       179           0.0000         7302.72m
       180           0.0000         7269.17m
       181           0.0000         7238.79m
       182           0.0000         7206.10m
       183           0.0000         7175.74m
       184           0.0000         7144.60m
       185           0.0000         7112.39m
       186           0.0000         7079.15m
       187           0.0000         7049.55m
       188           0.0000         7020.94m
       189           0.0000         6989.33m
       190           0.0000         6960.80m
       191           0.0000         6931.75m
       192           0.0000         6903.64m
       193           0.0000         6877.63m
       194           0.0000         6851.36m
       195           0.0000         6825.69m
       196           0.0000         6797.23m
       197           0.0000         6770.80m
       198           0.0000         6745.22m
       199           0.0000         6718.43m
       200           0.0000         6690.75m
       201           0.0000         6666.23m
       202           0.0000         6637.13m
       203           0.0000         6609.73m
       204           0.0000         6582.65m
       205           0.0000         6556.61m
       206           0.0000         6532.96m
       207           0.0000         6509.15m
       208           0.0000         6485.70m
       209           0.0000         6462.10m
       210           0.0000         6437.84m
       211           0.0000         6410.75m
       212           0.0000         6385.33m
       213           0.0000         6360.47m
       214           0.0000         6337.31m
       215           0.0000         6314.45m
       216           0.0000         6293.57m
       217           0.0000         6271.64m
       218           0.0000         6250.79m
       219           0.0000         6228.78m
       220           0.0000         6204.93m
       221           0.0000         6179.03m
       222           0.0000         6159.13m
       223           0.0000         6137.22m
       224           0.0000         6117.44m
       225           0.0000         6096.96m
       226           0.0000         6076.31m
       227           0.0000         6056.85m
       228           0.0000         6036.30m
       229           0.0000         6015.84m
       230           0.0000         5994.19m
       231           0.0000         5971.59m
       232           0.0000         5952.64m
       233           0.0000         5932.94m
       234           0.0000         5915.89m
       235           0.0000         5896.51m
       236           0.0000         5876.50m
       237           0.0000         5858.34m
       238           0.0000         5839.83m
       239           0.0000         5821.75m
       240           0.0000         5803.09m
       241           0.0000         5782.12m
       242           0.0000         5762.21m
       243           0.0000         5744.91m
       244           0.0000         5725.83m
       245           0.0000         5708.16m
       246           0.0000         5691.69m
       247           0.0000         5675.60m
       248           0.0000         5656.85m
       249           0.0000         5638.40m
       250           0.0000         5622.77m
       251           0.0000         5603.60m
       252           0.0000         5586.90m
       253           0.0000         5570.42m
       254           0.0000         5553.28m
       255           0.0000         5536.79m
       256           0.0000         5520.45m
       257           0.0000         5503.59m
       258           0.0000         5486.51m
       259           0.0000         5468.75m
       260           0.0000         5453.81m
       261           0.0000         5439.29m
       262           0.0000         5424.45m
       263           0.0000         5409.10m
       264           0.0000         5394.56m
       265           0.0000         5380.23m
       266           0.0000         5365.44m
       267           0.0000         5350.97m
       268           0.0000         5336.58m
       269           0.0000         5323.47m
       270           0.0000         5310.26m
       271           0.0000         5296.20m
       272           0.0000         5283.14m
       273           0.0000         5269.69m
       274           0.0000         5251.71m
       275           0.0000         5237.65m
       276           0.0000         5224.01m
       277           0.0000         5210.56m
       278           0.0000         5196.41m
       279           0.0000         5183.31m
       280           0.0000         5170.50m
       281           0.0000         5156.65m
       282           0.0000         5143.50m
       283           0.0000         5131.51m
       284           0.0000         5116.80m
       285           0.0000         5104.53m
       286           0.0000         5090.85m
       287           0.0000         5078.22m
       288           0.0000         5065.08m
       289           0.0000         5051.12m
       290           0.0000         5035.56m
       291           0.0000         5021.66m
       292           0.0000         5006.97m
       293           0.0000         4994.39m
       294           0.0000         4981.39m
       295           0.0000         4967.77m
       296           0.0000         4955.21m
       297           0.0000         4941.55m
       298           0.0000         4929.24m
       299           0.0000         4915.86m
       300           0.0000         4902.98m
       301           0.0000         4889.27m
       302           0.0000         4877.00m
       303           0.0000         4863.84m
       304           0.0000         4851.50m
       305           0.0000         4835.99m
       306           0.0000         4824.08m
       307           0.0000         4811.66m
       308           0.0000         4797.09m
       309           0.0000         4786.87m
       310           0.0000         4773.23m
       311           0.0000         4759.38m
       312           0.0000         4748.71m
       313           0.0000         4737.81m
       314           0.0000         4726.77m
       315           0.0000         4716.20m
       316           0.0000         4704.75m
       317           0.0000         4692.55m
       318           0.0000         4681.98m
       319           0.0000         4671.11m
       320           0.0000         4659.25m
       321           0.0000         4649.02m
       322           0.0000         4637.70m
       323           0.0000         4627.34m
       324           0.0000         4617.76m
       325           0.0000         4608.62m
       326           0.0000         4598.92m
       327           0.0000         4589.09m
       328           0.0000         4579.20m
       329           0.0000         4568.89m
       330           0.0000         4559.11m
       331           0.0000         4549.22m
       332           0.0000         4539.28m
       333           0.0000         4528.66m
       334           0.0000         4517.42m
       335           0.0000         4507.91m
       336           0.0000         4496.71m
       337           0.0000         4486.81m
       338           0.0000         4476.66m
       339           0.0000         4466.67m
       340           0.0000         4457.05m
       341           0.0000         4446.74m
       342           0.0000         4436.38m
       343           0.0000         4425.68m
       344           0.0000         4416.99m
       345           0.0000         4407.86m
       346           0.0000         4399.01m
       347           0.0000         4389.76m
       348           0.0000         4378.74m
       349           0.0000         4369.41m
       350           0.0000         4358.75m
       351           0.0000         4350.12m
       352           0.0000         4340.47m
       353           0.0000         4332.29m
       354           0.0000         4323.45m
       355           0.0000         4314.16m
       356           0.0000         4304.39m
       357           0.0000         4293.91m
       358           0.0000         4282.39m
       359           0.0000         4273.56m
       360           0.0000         4263.92m
       361           0.0000         4255.26m
       362           0.0000         4245.60m
       363           0.0000         4237.10m
       364           0.0000         4228.90m
       365           0.0000         4219.68m
       366           0.0000         4212.02m
       367           0.0000         4203.59m
       368           0.0000         4193.89m
       369           0.0000         4184.25m
       370           0.0000         4176.17m
       371           0.0000         4167.23m
       372           0.0000         4157.31m
       373           0.0000         4149.22m
       374           0.0000         4139.74m
       375           0.0000         4131.18m
       376           0.0000         4121.87m
       377           0.0000         4113.58m
       378           0.0000         4104.83m
       379           0.0000         4095.54m
       380           0.0000         4086.75m
       381           0.0000         4079.07m
       382           0.0000         4070.22m
       383           0.0000         4062.72m
       384           0.0000         4054.53m
       385           0.0000         4045.50m
       386           0.0000         4037.51m
       387           0.0000         4028.97m
       388           0.0000         4020.17m
       389           0.0000         4012.72m
       390           0.0000         4004.96m
       391           0.0000         3997.81m
       392           0.0000         3990.17m
       393           0.0000         3982.00m
       394           0.0000         3972.61m
       395           0.0000         3964.47m
       396           0.0000         3957.09m
       397           0.0000         3949.63m
       398           0.0000         3942.78m
       399           0.0000         3934.13m
       400           0.0000         3927.24m
       401           0.0000         3920.39m
       402           0.0000         3911.54m
       403           0.0000         3903.14m
       404           0.0000         3895.26m
       405           0.0000         3887.11m
       406           0.0000         3879.20m
       407           0.0000         3871.41m
       408           0.0000         3863.27m
       409           0.0000         3854.42m
       410           0.0000         3847.72m
       411           0.0000         3841.03m
       412           0.0000         3833.82m
       413           0.0000         3826.19m
       414           0.0000         3820.22m
       415           0.0000         3812.43m
       416           0.0000         3805.20m
       417           0.0000         3797.46m
       418           0.0000         3789.68m
       419           0.0000         3782.30m
       420           0.0000         3773.91m
       421           0.0000         3765.23m
       422           0.0000         3758.40m
       423           0.0000         3751.97m
       424           0.0000         3746.11m
       425           0.0000         3738.43m
       426           0.0000         3732.40m
       427           0.0000         3724.72m
       428           0.0000         3719.18m
       429           0.0000         3712.02m
       430           0.0000         3706.02m
       431           0.0000         3699.36m
       432           0.0000         3693.71m
       433           0.0000         3685.38m
       434           0.0000         3678.57m
       435           0.0000         3672.09m
       436           0.0000         3665.63m
       437           0.0000         3659.52m
       438           0.0000         3653.33m
       439           0.0000         3644.85m
       440           0.0000         3637.60m
       441           0.0000         3630.97m
       442           0.0000         3624.56m
       443           0.0000         3618.74m
       444           0.0000         3613.08m
       445           0.0000         3606.96m
       446           0.0000         3600.25m
       447           0.0000         3593.56m
       448           0.0000         3587.20m
       449           0.0000         3579.42m
       450           0.0000         3574.34m
       451           0.0000         3567.38m
       452           0.0000         3560.57m
       453           0.0000         3554.75m
       454           0.0000         3546.77m
       455           0.0000         3540.26m
       456           0.0000         3534.36m
       457           0.0000         3528.26m
       458           0.0000         3520.99m
       459           0.0000         3514.58m
       460           0.0000         3509.16m
       461           0.0000         3503.99m
       462           0.0000         3498.04m
       463           0.0000         3492.64m
       464           0.0000         3486.88m
       465           0.0000         3480.80m
       466           0.0000         3473.69m
       467           0.0000         3468.52m
       468           0.0000         3462.50m
       469           0.0000         3456.91m
       470           0.0000         3450.45m
       471           0.0000         3444.64m
       472           0.0000         3437.52m
       473           0.0000         3431.73m
       474           0.0000         3424.68m
       475           0.0000         3419.43m
       476           0.0000         3413.68m
       477           0.0000         3407.65m
       478           0.0000         3401.99m
       479           0.0000         3395.50m
       480           0.0000         3389.34m
       481           0.0000         3383.06m
       482           0.0000         3376.98m
       483           0.0000         3371.58m
       484           0.0000         3365.34m
       485           0.0000         3359.38m
       486           0.0000         3353.94m
       487           0.0000         3348.58m
       488           0.0000         3342.59m
       489           0.0000         3337.28m
       490           0.0000         3331.85m
       491           0.0000         3325.66m
       492           0.0000         3319.29m
       493           0.0000         3313.11m
       494           0.0000         3307.84m
       495           0.0000         3302.44m
       496           0.0000         3297.31m
       497           0.0000         3291.82m
       498           0.0000         3286.61m
       499           0.0000         3281.70m
       500           0.0000         3274.94m
       501           0.0000         3269.93m
       502           0.0000         3263.98m
       503           0.0000         3259.12m
       504           0.0000         3253.14m
       505           0.0000         3248.48m
       506           0.0000         3243.77m
       507           0.0000         3238.66m
       508           0.0000         3233.51m
       509           0.0000         3228.57m
       510           0.0000         3222.97m
       511           0.0000         3217.79m
       512           0.0000         3212.52m
       513           0.0000         3207.07m
       514           0.0000         3202.13m
       515           0.0000         3197.41m
       516           0.0000         3192.37m
       517           0.0000         3187.61m
       518           0.0000         3182.59m
       519           0.0000         3177.26m
       520           0.0000         3170.60m
       521           0.0000         3165.58m
       522           0.0000         3161.10m
       523           0.0000         3155.69m
       524           0.0000         3150.16m
       525           0.0000         3145.33m
       526           0.0000         3140.67m
       527           0.0000         3135.53m
       528           0.0000         3130.17m
       529           0.0000         3124.47m
       530           0.0000         3118.85m
       531           0.0000         3113.45m
       532           0.0000         3107.68m
       533           0.0000         3102.28m
       534           0.0000         3097.76m
       535           0.0000         3091.85m
       536           0.0000         3086.66m
       537           0.0000         3082.13m
       538           0.0000         3077.17m
       539           0.0000         3072.11m
       540           0.0000         3066.81m
       541           0.0000         3062.22m
       542           0.0000         3058.17m
       543           0.0000         3053.40m
       544           0.0000         3047.83m
       545           0.0000         3043.72m
       546           0.0000         3039.39m
       547           0.0000         3034.57m
       548           0.0000         3029.91m
       549           0.0000         3024.51m
       550           0.0000         3020.36m
       551           0.0000         3016.26m
       552           0.0000         3010.81m
       553           0.0000         3005.14m
       554           0.0000         2999.38m
       555           0.0000         2994.21m
       556           0.0000         2989.74m
       557           0.0000         2984.73m
       558           0.0000         2981.05m
       559           0.0000         2976.76m
       560           0.0000         2972.93m
       561           0.0000         2968.42m
       562           0.0000         2964.21m
       563           0.0000         2959.99m
       564           0.0000         2954.24m
       565           0.0000         2950.47m
       566           0.0000         2945.27m
       567           0.0000         2940.81m
       568           0.0000         2935.72m
       569           0.0000         2930.71m
       570           0.0000         2926.75m
       571           0.0000         2922.20m
       572           0.0000         2917.66m
       573           0.0000         2914.08m
       574           0.0000         2910.12m
       575           0.0000         2906.00m
       576           0.0000         2902.12m
       577           0.0000         2897.83m
       578           0.0000         2893.81m
       579           0.0000         2889.67m
       580           0.0000         2885.26m
       581           0.0000         2879.74m
       582           0.0000         2875.63m
       583           0.0000         2871.54m
       584           0.0000         2867.50m
       585           0.0000         2863.71m
       586           0.0000         2859.66m
       587           0.0000         2855.34m
       588           0.0000         2851.72m
       589           0.0000         2848.27m
       590           0.0000         2844.49m
       591           0.0000         2840.08m
       592           0.0000         2836.46m
       593           0.0000         2831.98m
       594           0.0000         2827.94m
       595           0.0000         2824.01m
       596           0.0000         2820.23m
       597           0.0000         2815.95m
       598           0.0000         2811.87m
       599           0.0000         2807.90m
       600           0.0000         2804.02m
       601           0.0000         2799.76m
       602           0.0000         2795.69m
       603           0.0000         2791.74m
       604           0.0000         2787.65m
       605           0.0000         2782.75m
       606           0.0000         2778.93m
       607           0.0000         2775.53m
       608           0.0000         2771.84m
       609           0.0000         2767.43m
       610           0.0000         2763.66m
       611           0.0000         2758.94m
       612           0.0000         2754.80m
       613           0.0000         2751.44m
       614           0.0000         2747.28m
       615           0.0000         2743.17m
       616           0.0000         2739.59m
       617           0.0000         2735.75m
       618           0.0000         2731.29m
       619           0.0000         2726.94m
       620           0.0000         2722.85m
       621           0.0000         2718.49m
       622           0.0000         2714.35m
       623           0.0000         2710.28m
       624           0.0000         2706.88m
       625           0.0000         2703.46m
       626           0.0000         2699.47m
       627           0.0000         2694.82m
       628           0.0000         2690.66m
       629           0.0000         2687.02m
       630           0.0000         2683.21m
       631           0.0000         2678.56m
       632           0.0000         2674.46m
       633           0.0000         2671.25m
       634           0.0000         2667.61m
       635           0.0000         2663.27m
       636           0.0000         2659.63m
       637           0.0000         2656.09m
       638           0.0000         2652.47m
       639           0.0000         2648.53m
       640           0.0000         2643.77m
       641           0.0000         2640.00m
       642           0.0000         2636.23m
       643           0.0000         2632.89m
       644           0.0000         2629.25m
       645           0.0000         2625.46m
       646           0.0000         2621.51m
       647           0.0000         2618.14m
       648           0.0000         2614.13m
       649           0.0000         2609.60m
       650           0.0000         2605.85m
       651           0.0000         2602.68m
       652           0.0000         2599.23m
       653           0.0000         2595.32m
       654           0.0000         2590.77m
       655           0.0000         2586.43m
       656           0.0000         2583.09m
       657           0.0000         2580.02m
       658           0.0000         2576.16m
       659           0.0000         2572.34m
       660           0.0000         2568.49m
       661           0.0000         2565.11m
       662           0.0000         2561.77m
       663           0.0000         2557.69m
       664           0.0000         2553.32m
       665           0.0000         2549.78m
       666           0.0000         2546.34m
       667           0.0000         2542.43m
       668           0.0000         2539.48m
       669           0.0000         2535.54m
       670           0.0000         2532.24m
       671           0.0000         2527.94m
       672           0.0000         2523.90m
       673           0.0000         2519.68m
       674           0.0000         2515.85m
       675           0.0000         2511.81m
       676           0.0000         2508.43m
       677           0.0000         2504.76m
       678           0.0000         2501.11m
       679           0.0000         2497.59m
       680           0.0000         2494.17m
       681           0.0000         2490.11m
       682           0.0000         2485.85m
       683           0.0000         2481.78m
       684           0.0000         2478.61m
       685           0.0000         2474.44m
       686           0.0000         2470.18m
       687           0.0000         2466.56m
       688           0.0000         2462.72m
       689           0.0000         2459.52m
       690           0.0000         2456.39m
       691           0.0000         2452.89m
       692           0.0000         2448.91m
       693           0.0000         2445.92m
       694           0.0000         2442.23m
       695           0.0000         2438.21m
       696           0.0000         2434.20m
       697           0.0000         2430.24m
       698           0.0000         2427.16m
       699           0.0000         2423.05m
       700           0.0000         2419.44m
       701           0.0000         2416.04m
       702           0.0000         2411.74m
       703           0.0000         2408.44m
       704           0.0000         2405.33m
       705           0.0000         2401.97m
       706           0.0000         2398.61m
       707           0.0000         2394.97m
       708           0.0000         2391.10m
       709           0.0000         2388.19m
       710           0.0000         2385.14m
       711           0.0000         2382.20m
       712           0.0000         2379.02m
       713           0.0000         2374.90m
       714           0.0000         2371.94m
       715           0.0000         2367.87m
       716           0.0000         2365.04m
       717           0.0000         2361.76m
       718           0.0000         2359.07m
       719           0.0000         2355.41m
       720           0.0000         2352.05m
       721           0.0000         2348.49m
       722           0.0000         2345.64m
       723           0.0000         2342.58m
       724           0.0000         2339.39m
       725           0.0000         2336.18m
       726           0.0000         2333.02m
       727           0.0000         2330.40m
       728           0.0000         2327.43m
       729           0.0000         2324.67m
       730           0.0000         2321.55m
       731           0.0000         2318.72m
       732           0.0000         2315.79m
       733           0.0000         2312.42m
       734           0.0000         2308.73m
       735           0.0000         2305.86m
       736           0.0000         2303.11m
       737           0.0000         2300.01m
       738           0.0000         2296.45m
       739           0.0000         2293.67m
       740           0.0000         2290.88m
       741           0.0000         2287.71m
       742           0.0000         2284.96m
       743           0.0000         2281.42m
       744           0.0000         2278.64m
       745           0.0000         2275.65m
       746           0.0000         2272.79m
       747           0.0000         2269.10m
       748           0.0000         2265.16m
       749           0.0000         2262.14m
       750           0.0000         2259.31m
       751           0.0000         2256.67m
       752           0.0000         2254.11m
       753           0.0000         2251.05m
       754           0.0000         2247.46m
       755           0.0000         2243.99m
       756           0.0000         2241.17m
       757           0.0000         2238.63m
       758           0.0000         2235.61m
       759           0.0000         2232.80m
       760           0.0000         2229.53m
       761           0.0000         2226.82m
       762           0.0000         2223.04m
       763           0.0000         2219.67m
       764           0.0000         2216.86m
       765           0.0000         2214.11m
       766           0.0000         2211.04m
       767           0.0000         2208.03m
       768           0.0000         2205.07m
       769           0.0000         2201.25m
       770           0.0000         2198.50m
       771           0.0000         2196.02m
       772           0.0000         2193.02m
       773           0.0000         2190.43m
       774           0.0000         2187.55m
       775           0.0000         2183.97m
       776           0.0000         2181.00m
       777           0.0000         2177.36m
       778           0.0000         2173.73m
       779           0.0000         2171.15m
       780           0.0000         2168.67m
       781           0.0000         2165.85m
       782           0.0000         2162.75m
       783           0.0000         2159.57m
       784           0.0000         2156.43m
       785           0.0000         2153.16m
       786           0.0000         2149.62m
       787           0.0000         2146.93m
       788           0.0000         2143.87m
       789           0.0000         2140.25m
       790           0.0000         2137.25m
       791           0.0000         2134.45m
       792           0.0000         2131.66m
       793           0.0000         2128.24m
       794           0.0000         2125.69m
       795           0.0000         2122.54m
       796           0.0000         2119.45m
       797           0.0000         2116.74m
       798           0.0000         2113.68m
       799           0.0000         2111.33m
       800           0.0000         2108.50m
       801           0.0000         2105.70m
       802           0.0000         2102.73m
       803           0.0000         2099.81m
       804           0.0000         2096.24m
       805           0.0000         2093.61m
       806           0.0000         2091.18m
       807           0.0000         2087.66m
       808           0.0000         2084.30m
       809           0.0000         2081.31m
       810           0.0000         2078.90m
       811           0.0000         2076.05m
       812           0.0000         2073.30m
       813           0.0000         2070.37m
       814           0.0000         2067.54m
       815           0.0000         2064.83m
       816           0.0000         2061.73m
       817           0.0000         2058.57m
       818           0.0000         2055.86m
       819           0.0000         2053.36m
       820           0.0000         2050.98m
       821           0.0000         2048.05m
       822           0.0000         2045.39m
       823           0.0000         2042.33m
       824           0.0000         2039.60m
       825           0.0000         2036.77m
       826           0.0000         2034.08m
       827           0.0000         2031.24m
       828           0.0000         2028.40m
       829           0.0000         2025.79m
       830           0.0000         2022.90m
       831           0.0000         2020.42m
       832           0.0000         2017.62m
       833           0.0000         2014.82m
       834           0.0000         2011.65m
       835           0.0000         2009.06m
       836           0.0000         2005.97m
       837           0.0000         2003.30m
       838           0.0000         1999.97m
       839           0.0000         1996.89m
       840           0.0000         1993.63m
       841           0.0000         1991.35m
       842           0.0000         1989.01m
       843           0.0000         1985.79m
       844           0.0000         1982.42m
       845           0.0000         1979.64m
       846           0.0000         1976.56m
       847           0.0000         1973.86m
       848           0.0000         1971.36m
       849           0.0000         1968.89m
       850           0.0000         1965.82m
       851           0.0000         1963.26m
       852           0.0000         1960.28m
       853           0.0000         1957.31m
       854           0.0000         1954.59m
       855           0.0000         1951.96m
       856           0.0000         1949.41m
       857           0.0000         1946.77m
       858           0.0000         1944.34m
       859           0.0000         1941.28m
       860           0.0000         1938.88m
       861           0.0000         1936.58m
       862           0.0000         1933.28m
       863           0.0000         1930.61m
       864           0.0000         1927.74m
       865           0.0000         1925.11m
       866           0.0000         1922.32m
       867           0.0000         1919.90m
       868           0.0000         1917.25m
       869           0.0000         1914.51m
       870           0.0000         1912.10m
       871           0.0000         1909.77m
       872           0.0000         1907.52m
       873           0.0000         1904.86m
       874           0.0000         1902.37m
       875           0.0000         1900.08m
       876           0.0000         1897.10m
       877           0.0000         1894.51m
       878           0.0000         1891.83m
       879           0.0000         1889.08m
       880           0.0000         1886.41m
       881           0.0000         1884.19m
       882           0.0000         1881.16m
       883           0.0000         1878.41m
       884           0.0000         1875.85m
       885           0.0000         1873.16m
       886           0.0000         1870.36m
       887           0.0000         1868.04m
       888           0.0000         1865.11m
       889           0.0000         1862.11m
       890           0.0000         1859.65m
       891           0.0000         1856.69m
       892           0.0000         1854.32m
       893           0.0000         1851.89m
       894           0.0000         1849.44m
       895           0.0000         1847.15m
       896           0.0000         1844.09m
       897           0.0000         1841.49m
       898           0.0000         1838.94m
       899           0.0000         1836.35m
       900           0.0000         1833.32m
       901           0.0000         1831.04m
       902           0.0000         1828.54m
       903           0.0000         1825.91m
       904           0.0000         1823.73m
       905           0.0000         1821.46m
       906           0.0000         1819.21m
       907           0.0000         1816.98m
       908           0.0000         1813.99m
       909           0.0000         1811.19m
       910           0.0000         1808.49m
       911           0.0000         1806.24m
       912           0.0000         1803.80m
       913           0.0000         1801.35m
       914           0.0000         1798.37m
       915           0.0000         1795.50m
       916           0.0000         1793.12m
       917           0.0000         1790.38m
       918           0.0000         1787.73m
       919           0.0000         1785.67m
       920           0.0000         1783.31m
       921           0.0000         1780.87m
       922           0.0000         1778.68m
       923           0.0000         1776.12m
       924           0.0000         1773.48m
       925           0.0000         1770.51m
       926           0.0000         1767.69m
       927           0.0000         1765.23m
       928           0.0000         1762.53m
       929           0.0000         1760.10m
       930           0.0000         1757.50m
       931           0.0000         1754.72m
       932           0.0000         1752.27m
       933           0.0000         1749.87m
       934           0.0000         1747.65m
       935           0.0000         1745.11m
       936           0.0000         1742.17m
       937           0.0000         1739.88m
       938           0.0000         1737.81m
       939           0.0000         1735.41m
       940           0.0000         1732.80m
       941           0.0000         1730.42m
       942           0.0000         1727.92m
       943           0.0000         1725.36m
       944           0.0000         1722.71m
       945           0.0000         1720.27m
       946           0.0000         1717.82m
       947           0.0000         1715.59m
       948           0.0000         1713.16m
       949           0.0000         1710.80m
       950           0.0000         1708.15m
       951           0.0000         1705.38m
       952           0.0000         1702.79m
       953           0.0000         1700.58m
       954           0.0000         1697.87m
       955           0.0000         1695.61m
       956           0.0000         1693.21m
       957           0.0000         1690.76m
       958           0.0000         1688.51m
       959           0.0000         1686.00m
       960           0.0000         1683.32m
       961           0.0000         1680.51m
       962           0.0000         1678.44m
       963           0.0000         1675.81m
       964           0.0000         1673.24m
       965           0.0000         1670.86m
       966           0.0000         1668.15m
       967           0.0000         1665.52m
       968           0.0000         1662.69m
       969           0.0000         1660.38m
       970           0.0000         1657.81m
       971           0.0000         1655.05m
       972           0.0000         1652.54m
       973           0.0000         1650.28m
       974           0.0000         1647.69m
       975           0.0000         1645.60m
       976           0.0000         1643.07m
       977           0.0000         1640.58m
       978           0.0000         1637.84m
       979           0.0000         1635.20m
       980           0.0000         1632.61m
       981           0.0000         1630.02m
       982           0.0000         1628.15m
       983           0.0000         1625.98m
       984           0.0000         1623.80m
       985           0.0000         1621.27m
       986           0.0000         1618.81m
       987           0.0000         1616.13m
       988           0.0000         1613.45m
       989           0.0000         1611.44m
       990           0.0000         1608.94m
       991           0.0000         1606.44m
       992           0.0000         1604.33m
       993           0.0000         1602.22m
       994           0.0000         1599.98m
       995           0.0000         1597.55m
       996           0.0000         1594.98m
       997           0.0000         1592.60m
       998           0.0000         1590.19m
       999           0.0000         1588.08m
      1000           0.0000         1585.92m
      1001           0.0000         1583.92m
      1002           0.0000         1581.82m
      1003           0.0000         1579.50m
      1004           0.0000         1577.26m
      1005           0.0000         1575.03m
      1006           0.0000         1572.79m
      1007           0.0000         1570.77m
      1008           0.0000         1568.24m
      1009           0.0000         1565.63m
      1010           0.0000         1563.53m
      1011           0.0000         1561.24m
      1012           0.0000         1558.62m
      1013           0.0000         1556.42m
      1014           0.0000         1554.26m
      1015           0.0000         1552.12m
      1016           0.0000         1550.00m
      1017           0.0000         1548.07m
      1018           0.0000         1545.56m
      1019           0.0000         1543.26m
      1020           0.0000         1541.29m
      1021           0.0000         1539.43m
      1022           0.0000         1537.25m
      1023           0.0000         1535.07m
      1024           0.0000         1533.05m
      1025           0.0000         1530.91m
      1026           0.0000         1528.83m
      1027           0.0000         1526.67m
      1028           0.0000         1524.52m
      1029           0.0000         1522.20m
      1030           0.0000         1520.25m
      1031           0.0000         1517.71m
      1032           0.0000         1515.39m
      1033           0.0000         1513.20m
      1034           0.0000         1511.20m
      1035           0.0000         1508.88m
      1036           0.0000         1506.86m
      1037           0.0000         1504.82m
      1038           0.0000         1502.46m
      1039           0.0000         1499.92m
      1040           0.0000         1498.06m
      1041           0.0000         1495.59m
      1042           0.0000         1493.63m
      1043           0.0000         1491.36m
      1044           0.0000         1489.07m
      1045           0.0000         1487.08m
      1046           0.0000         1484.90m
      1047           0.0000         1482.89m
      1048           0.0000         1480.66m
      1049           0.0000         1478.73m
      1050           0.0000         1476.49m
      1051           0.0000         1474.47m
      1052           0.0000         1472.30m
      1053           0.0000         1470.01m
      1054           0.0000         1467.90m
      1055           0.0000         1465.67m
      1056           0.0000         1463.82m
      1057           0.0000         1461.78m
      1058           0.0000         1459.69m
      1059           0.0000         1457.68m
      1060           0.0000         1455.56m
      1061           0.0000         1453.17m
      1062           0.0000         1450.94m
      1063           0.0000         1448.85m
      1064           0.0000         1446.71m
      1065           0.0000         1444.23m
      1066           0.0000         1441.80m
      1067           0.0000         1439.58m
      1068           0.0000         1437.50m
      1069           0.0000         1435.40m
      1070           0.0000         1433.60m
      1071           0.0000         1431.48m
      1072           0.0000         1429.53m
      1073           0.0000         1427.64m
      1074           0.0000         1425.72m
      1075           0.0000         1423.79m
      1076           0.0000         1421.48m
      1077           0.0000         1419.19m
      1078           0.0000         1417.17m
      1079           0.0000         1415.10m
      1080           0.0000         1412.84m
      1081           0.0000         1410.72m
      1082           0.0000         1408.62m
      1083           0.0000         1406.60m
      1084           0.0000         1404.40m
      1085           0.0000         1402.28m
      1086           0.0000         1400.19m
      1087           0.0000         1398.05m
      1088           0.0000         1396.11m
      1089           0.0000         1393.98m
      1090           0.0000         1391.67m
      1091           0.0000         1389.50m
      1092           0.0000         1387.53m
      1093           0.0000         1385.79m
      1094           0.0000         1383.67m
      1095           0.0000         1381.64m
      1096           0.0000         1379.42m
      1097           0.0000         1377.18m
      1098           0.0000         1375.03m
      1099           0.0000         1372.85m
      1100           0.0000         1370.83m
      1101           0.0000         1368.89m
      1102           0.0000         1366.50m
      1103           0.0000         1364.14m
      1104           0.0000         1362.15m
      1105           0.0000         1360.15m
      1106           0.0000         1358.00m
      1107           0.0000         1356.11m
      1108           0.0000         1354.10m
      1109           0.0000         1351.87m
      1110           0.0000         1349.84m
      1111           0.0000         1347.96m
      1112           0.0000         1345.71m
      1113           0.0000         1343.58m
      1114           0.0000         1341.65m
      1115           0.0000         1339.54m
      1116           0.0000         1337.37m
      1117           0.0000         1335.27m
      1118           0.0000         1333.40m
      1119           0.0000         1331.21m
      1120           0.0000         1329.09m
      1121           0.0000         1326.92m
      1122           0.0000         1324.96m
      1123           0.0000         1322.86m
      1124           0.0000         1320.65m
      1125           0.0000         1318.68m
      1126           0.0000         1316.52m
      1127           0.0000         1314.73m
      1128           0.0000         1312.74m
      1129           0.0000         1310.85m
      1130           0.0000         1308.65m
      1131           0.0000         1306.80m
      1132           0.0000         1304.69m
      1133           0.0000         1302.66m
      1134           0.0000         1300.91m
      1135           0.0000         1299.16m
      1136           0.0000         1297.12m
      1137           0.0000         1294.97m
      1138           0.0000         1292.86m
      1139           0.0000         1290.91m
      1140           0.0000         1288.71m
      1141           0.0000         1286.90m
      1142           0.0000         1284.76m
      1143           0.0000         1282.64m
      1144           0.0000         1280.36m
      1145           0.0000         1278.10m
      1146           0.0000         1276.37m
      1147           0.0000         1274.61m
      1148           0.0000         1272.71m
      1149           0.0000         1270.72m
      1150           0.0000         1268.82m
      1151           0.0000         1267.08m
      1152           0.0000         1265.06m
      1153           0.0000         1263.26m
      1154           0.0000         1261.15m
      1155           0.0000         1259.27m
      1156           0.0000         1257.50m
      1157           0.0000         1255.27m
      1158           0.0000         1253.26m
      1159           0.0000         1251.38m
      1160           0.0000         1249.46m
      1161           0.0000         1247.33m
      1162           0.0000         1245.28m
      1163           0.0000         1243.27m
      1164           0.0000         1241.32m
      1165           0.0000         1239.33m
      1166           0.0000         1237.30m
      1167           0.0000         1235.35m
      1168           0.0000         1233.47m
      1169           0.0000         1231.43m
      1170           0.0000         1229.37m
      1171           0.0000         1227.19m
      1172           0.0000         1225.27m
      1173           0.0000         1223.55m
      1174           0.0000         1221.57m
      1175           0.0000         1219.59m
      1176           0.0000         1217.64m
      1177           0.0000         1215.67m
      1178           0.0000         1213.55m
      1179           0.0000         1211.55m
      1180           0.0000         1209.53m
      1181           0.0000         1207.68m
      1182           0.0000         1205.72m
      1183           0.0000         1203.85m
      1184           0.0000         1201.82m
      1185           0.0000         1200.07m
      1186           0.0000         1198.23m
      1187           0.0000         1196.19m
      1188           0.0000         1194.34m
      1189           0.0000         1192.42m
      1190           0.0000         1190.37m
      1191           0.0000         1188.51m
      1192           0.0000         1186.85m
      1193           0.0000         1185.15m
      1194           0.0000         1183.12m
      1195           0.0000         1180.97m
      1196           0.0000         1179.21m
      1197           0.0000         1177.29m
      1198           0.0000         1175.57m
      1199           0.0000         1173.68m
      1200           0.0000         1171.59m
      1201           0.0000         1169.70m
      1202           0.0000         1167.75m
      1203           0.0000         1165.89m
      1204           0.0000         1164.18m
      1205           0.0000         1162.17m
      1206           0.0000         1160.07m
      1207           0.0000         1158.25m
      1208           0.0000         1156.34m
      1209           0.0000         1154.27m
      1210           0.0000         1152.53m
      1211           0.0000         1150.65m
      1212           0.0000         1148.57m
      1213           0.0000         1146.90m
      1214           0.0000         1145.04m
      1215           0.0000         1143.32m
      1216           0.0000         1141.64m
      1217           0.0000         1139.81m
      1218           0.0000         1138.07m
      1219           0.0000         1136.11m
      1220           0.0000         1134.13m
      1221           0.0000         1132.09m
      1222           0.0000         1130.23m
      1223           0.0000         1128.20m
      1224           0.0000         1126.24m
      1225           0.0000         1124.54m
      1226           0.0000         1122.78m
      1227           0.0000         1120.73m
      1228           0.0000         1118.96m
      1229           0.0000         1117.16m
      1230           0.0000         1115.20m
      1231           0.0000         1113.20m
      1232           0.0000         1111.16m
      1233           0.0000         1109.34m
      1234           0.0000         1107.64m
      1235           0.0000         1105.74m
      1236           0.0000         1104.10m
      1237           0.0000         1102.14m
      1238           0.0000         1100.26m
      1239           0.0000         1098.42m
      1240           0.0000         1096.53m
      1241           0.0000         1094.74m
      1242           0.0000         1092.81m
      1243           0.0000         1090.97m
      1244           0.0000         1089.27m
      1245           0.0000         1087.24m
      1246           0.0000         1085.52m
      1247           0.0000         1083.77m
      1248           0.0000         1081.82m
      1249           0.0000         1080.02m
      1250           0.0000         1078.07m
      1251           0.0000         1076.38m
      1252           0.0000         1074.60m
      1253           0.0000         1072.75m
      1254           0.0000         1070.97m
      1255           0.0000         1069.15m
      1256           0.0000         1067.17m
      1257           0.0000         1065.34m
      1258           0.0000         1063.53m
      1259           0.0000         1061.58m
      1260           0.0000         1059.72m
      1261           0.0000         1057.72m
      1262           0.0000         1055.94m
      1263           0.0000         1054.16m
      1264           0.0000         1052.27m
      1265           0.0000         1050.53m
      1266           0.0000         1048.70m
      1267           0.0000         1046.79m
      1268           0.0000         1045.07m
      1269           0.0000         1043.14m
      1270           0.0000         1041.40m
      1271           0.0000         1039.54m
      1272           0.0000         1037.90m
      1273           0.0000         1036.15m
      1274           0.0000         1034.34m
      1275           0.0000         1032.56m
      1276           0.0000         1030.84m
      1277           0.0000         1029.16m
      1278           0.0000         1027.49m
      1279           0.0000         1025.79m
      1280           0.0000         1023.85m
      1281           0.0000         1021.92m
      1282           0.0000         1020.04m
      1283           0.0000         1018.22m
      1284           0.0000         1016.39m
      1285           0.0000         1014.55m
      1286           0.0000         1012.74m
      1287           0.0000         1010.90m
      1288           0.0000         1009.10m
      1289           0.0000         1007.27m
      1290           0.0000         1005.47m
      1291           0.0000         1003.54m
      1292           0.0000         1001.81m
      1293           0.0000         1000.24m
      1294           0.0000          998.41m
      1295           0.0000          996.61m
      1296           0.0000          995.03m
      1297           0.0000          993.15m
      1298           0.0000          991.34m
      1299           0.0000          989.54m
      1300           0.0000          987.62m
      1301           0.0000          985.74m
      1302           0.0000          983.83m
      1303           0.0000          981.92m
      1304           0.0000          980.01m
      1305           0.0000          978.15m
      1306           0.0000          976.26m
      1307           0.0000          974.51m
      1308           0.0000          972.86m
      1309           0.0000          971.10m
      1310           0.0000          969.28m
      1311           0.0000          967.62m
      1312           0.0000          965.74m
      1313           0.0000          964.18m
      1314           0.0000          962.58m
      1315           0.0000          960.98m
      1316           0.0000          959.22m
      1317           0.0000          957.43m
      1318           0.0000          955.56m
      1319           0.0000          953.72m
      1320           0.0000          952.03m
      1321           0.0000          950.14m
      1322           0.0000          948.28m
      1323           0.0000          946.50m
      1324           0.0000          944.68m
      1325           0.0000          942.85m
      1326           0.0000          941.19m
      1327           0.0000          939.45m
      1328           0.0000          937.88m
      1329           0.0000          936.20m
      1330           0.0000          934.33m
      1331           0.0000          932.78m
      1332           0.0000          931.08m
      1333           0.0000          929.23m
      1334           0.0000          927.50m
      1335           0.0000          925.70m
      1336           0.0000          923.87m
      1337           0.0000          922.16m
      1338           0.0000          920.41m
      1339           0.0000          918.62m
      1340           0.0000          916.80m
      1341           0.0000          915.03m
      1342           0.0000          913.33m
      1343           0.0000          911.57m
      1344           0.0000          909.85m
      1345           0.0000          908.13m
      1346           0.0000          906.37m
      1347           0.0000          904.53m
      1348           0.0000          902.96m
      1349           0.0000          901.44m
      1350           0.0000          899.86m
      1351           0.0000          898.20m
      1352           0.0000          896.53m
      1353           0.0000          894.71m
      1354           0.0000          893.09m
      1355           0.0000          891.34m
      1356           0.0000          889.68m
      1357           0.0000          887.89m
      1358           0.0000          886.18m
      1359           0.0000          884.38m
      1360           0.0000          882.67m
      1361           0.0000          881.08m
      1362           0.0000          879.51m
      1363           0.0000          877.76m
      1364           0.0000          876.12m
      1365           0.0000          874.49m
      1366           0.0000          872.75m
      1367           0.0000          870.96m
      1368           0.0000          869.29m
      1369           0.0000          867.54m
      1370           0.0000          865.89m
      1371           0.0000          864.20m
      1372           0.0000          862.44m
      1373           0.0000          860.78m
      1374           0.0000          859.10m
      1375           0.0000          857.40m
      1376           0.0000          855.66m
      1377           0.0000          854.02m
      1378           0.0000          852.33m
      1379           0.0000          850.74m
      1380           0.0000          848.96m
      1381           0.0000          847.26m
      1382           0.0000          845.52m
      1383           0.0000          843.88m
      1384           0.0000          842.11m
      1385           0.0000          840.59m
      1386           0.0000          838.83m
      1387           0.0000          837.26m
      1388           0.0000          835.73m
      1389           0.0000          834.03m
      1390           0.0000          832.48m
      1391           0.0000          830.79m
      1392           0.0000          829.16m
      1393           0.0000          827.41m
      1394           0.0000          825.75m
      1395           0.0000          824.00m
      1396           0.0000          822.27m
      1397           0.0000          820.57m
      1398           0.0000          818.87m
      1399           0.0000          817.32m
      1400           0.0000          815.57m
      1401           0.0000          813.92m
      1402           0.0000          812.28m
      1403           0.0000          810.59m
      1404           0.0000          808.97m
      1405           0.0000          807.30m
      1406           0.0000          805.78m
      1407           0.0000          804.10m
      1408           0.0000          802.42m
      1409           0.0000          800.76m
      1410           0.0000          799.07m
      1411           0.0000          797.46m
      1412           0.0000          795.80m
      1413           0.0000          794.14m
      1414           0.0000          792.46m
      1415           0.0000          790.77m
      1416           0.0000          789.07m
      1417           0.0000          787.41m
      1418           0.0000          785.78m
      1419           0.0000          784.27m
      1420           0.0000          782.61m
      1421           0.0000          780.94m
      1422           0.0000          779.25m
      1423           0.0000          777.59m
      1424           0.0000          775.95m
      1425           0.0000          774.28m
      1426           0.0000          772.63m
      1427           0.0000          770.98m
      1428           0.0000          769.32m
      1429           0.0000          767.62m
      1430           0.0000          766.10m
      1431           0.0000          764.52m
      1432           0.0000          762.94m
      1433           0.0000          761.37m
      1434           0.0000          759.68m
      1435           0.0000          758.04m
      1436           0.0000          756.44m
      1437           0.0000          754.83m
      1438           0.0000          753.21m
      1439           0.0000          751.57m
      1440           0.0000          750.04m
      1441           0.0000          748.47m
      1442           0.0000          746.81m
      1443           0.0000          745.28m
      1444           0.0000          743.65m
      1445           0.0000          742.08m
      1446           0.0000          740.51m
      1447           0.0000          738.91m
      1448           0.0000          737.50m
      1449           0.0000          735.91m
      1450           0.0000          734.25m
      1451           0.0000          732.65m
      1452           0.0000          731.01m
      1453           0.0000          729.38m
      1454           0.0000          727.82m
      1455           0.0000          726.32m
      1456           0.0000          724.81m
      1457           0.0000          723.28m
      1458           0.0000          721.67m
      1459           0.0000          720.04m
      1460           0.0000          718.44m
      1461           0.0000          716.84m
      1462           0.0000          715.31m
      1463           0.0000          713.76m
      1464           0.0000          712.14m
      1465           0.0000          710.57m
      1466           0.0000          709.12m
      1467           0.0000          707.49m
      1468           0.0000          705.97m
      1469           0.0000          704.37m
      1470           0.0000          702.77m
      1471           0.0000          701.25m
      1472           0.0000          699.63m
      1473           0.0000          698.03m
      1474           0.0000          696.44m
      1475           0.0000          694.89m
      1476           0.0000          693.26m
      1477           0.0000          691.79m
      1478           0.0000          690.21m
      1479           0.0000          688.61m
      1480           0.0000          687.07m
      1481           0.0000          685.52m
      1482           0.0000          683.92m
      1483           0.0000          682.37m
      1484           0.0000          680.95m
      1485           0.0000          679.47m
      1486           0.0000          677.88m
      1487           0.0000          676.48m
      1488           0.0000          675.04m
      1489           0.0000          673.46m
      1490           0.0000          671.88m
      1491           0.0000          670.43m
      1492           0.0000          668.84m
      1493           0.0000          667.30m
      1494           0.0000          665.72m
      1495           0.0000          664.25m
      1496           0.0000          662.65m
      1497           0.0000          661.10m
      1498           0.0000          659.56m
      1499           0.0000          658.16m
      1500           0.0000          656.63m
      1501           0.0000          655.13m
      1502           0.0000          653.58m
      1503           0.0000          651.99m
      1504           0.0000          650.61m
      1505           0.0000          649.13m
      1506           0.0000          647.64m
      1507           0.0000          646.14m
      1508           0.0000          644.55m
      1509           0.0000          643.00m
      1510           0.0000          641.46m
      1511           0.0000          640.08m
      1512           0.0000          638.50m
      1513           0.0000          636.95m
      1514           0.0000          635.40m
      1515           0.0000          633.84m
      1516           0.0000          632.36m
      1517           0.0000          630.87m
      1518           0.0000          629.29m
      1519           0.0000          627.76m
      1520           0.0000          626.28m
      1521           0.0000          624.71m
      1522           0.0000          623.21m
      1523           0.0000          621.67m
      1524           0.0000          620.14m
      1525           0.0000          618.59m
      1526           0.0000          617.05m
      1527           0.0000          615.57m
      1528           0.0000          614.02m
      1529           0.0000          612.47m
      1530           0.0000          610.91m
      1531           0.0000          609.42m
      1532           0.0000          607.99m
      1533           0.0000          606.55m
      1534           0.0000          604.99m
      1535           0.0000          603.46m
      1536           0.0000          601.97m
      1537           0.0000          600.42m
      1538           0.0000          598.87m
      1539           0.0000          597.33m
      1540           0.0000          595.80m
      1541           0.0000          594.30m
      1542           0.0000          592.90m
      1543           0.0000          591.44m
      1544           0.0000          589.95m
      1545           0.0000          588.60m
      1546           0.0000          587.06m
      1547           0.0000          585.52m
      1548           0.0000          583.98m
      1549           0.0000          582.52m
      1550           0.0000          581.02m
      1551           0.0000          579.53m
      1552           0.0000          578.03m
      1553           0.0000          576.52m
      1554           0.0000          575.02m
      1555           0.0000          573.50m
      1556           0.0000          571.98m
      1557           0.0000          570.54m
      1558           0.0000          569.03m
      1559           0.0000          567.52m
      1560           0.0000          566.06m
      1561           0.0000          564.60m
      1562           0.0000          563.16m
      1563           0.0000          561.70m
      1564           0.0000          560.20m
      1565           0.0000          558.73m
      1566           0.0000          557.31m
      1567           0.0000          555.82m
      1568           0.0000          554.34m
      1569           0.0000          552.86m
      1570           0.0000          551.47m
      1571           0.0000          550.05m
      1572           0.0000          548.61m
      1573           0.0000          547.11m
      1574           0.0000          545.62m
      1575           0.0000          544.13m
      1576           0.0000          542.65m
      1577           0.0000          541.18m
      1578           0.0000          539.73m
      1579           0.0000          538.24m
      1580           0.0000          536.77m
      1581           0.0000          535.29m
      1582           0.0000          533.83m
      1583           0.0000          532.35m
      1584           0.0000          530.90m
      1585           0.0000          529.43m
      1586           0.0000          528.01m
      1587           0.0000          526.53m
      1588           0.0000          525.08m
      1589           0.0000          523.60m
      1590           0.0000          522.15m
      1591           0.0000          520.69m
      1592           0.0000          519.23m
      1593           0.0000          517.74m
      1594           0.0000          516.30m
      1595           0.0000          514.82m
      1596           0.0000          513.34m
      1597           0.0000          511.89m
      1598           0.0000          510.43m
      1599           0.0000          508.96m
      1600           0.0000          507.54m
      1601           0.0000          506.10m
      1602           0.0000          504.69m
      1603           0.0000          503.21m
      1604           0.0000          501.79m
      1605           0.0000          500.36m
      1606           0.0000          498.92m
      1607           0.0000          497.48m
      1608           0.0000          496.03m
      1609           0.0000          494.60m
      1610           0.0000          493.15m
      1611           0.0000          491.71m
      1612           0.0000          490.31m
      1613           0.0000          488.93m
      1614           0.0000          487.49m
      1615           0.0000          486.07m
      1616           0.0000          484.63m
      1617           0.0000          483.27m
      1618           0.0000          481.85m
      1619           0.0000          480.43m
      1620           0.0000          478.98m
      1621           0.0000          477.55m
      1622           0.0000          476.10m
      1623           0.0000          474.66m
      1624           0.0000          473.23m
      1625           0.0000          471.80m
      1626           0.0000          470.36m
      1627           0.0000          468.94m
      1628           0.0000          467.52m
      1629           0.0000          466.09m
      1630           0.0000          464.65m
      1631           0.0000          463.24m
      1632           0.0000          461.81m
      1633           0.0000          460.40m
      1634           0.0000          458.98m
      1635           0.0000          457.59m
      1636           0.0000          456.17m
      1637           0.0000          454.79m
      1638           0.0000          453.36m
      1639           0.0000          451.96m
      1640           0.0000          450.56m
      1641           0.0000          449.20m
      1642           0.0000          447.80m
      1643           0.0000          446.40m
      1644           0.0000          444.98m
      1645           0.0000          443.62m
      1646           0.0000          442.20m
      1647           0.0000          440.81m
      1648           0.0000          439.39m
      1649           0.0000          437.98m
      1650           0.0000          436.60m
      1651           0.0000          435.18m
      1652           0.0000          433.77m
      1653           0.0000          432.37m
      1654           0.0000          430.96m
      1655           0.0000          429.56m
      1656           0.0000          428.16m
      1657           0.0000          426.78m
      1658           0.0000          425.41m
      1659           0.0000          424.03m
      1660           0.0000          422.63m
      1661           0.0000          421.33m
      1662           0.0000          420.02m
      1663           0.0000          418.62m
      1664           0.0000          417.22m
      1665           0.0000          415.84m
      1666           0.0000          414.44m
      1667           0.0000          413.07m
      1668           0.0000          411.71m
      1669           0.0000          410.37m
      1670           0.0000          408.98m
      1671           0.0000          407.60m
      1672           0.0000          406.24m
      1673           0.0000          404.95m
      1674           0.0000          403.58m
      1675           0.0000          402.19m
      1676           0.0000          400.82m
      1677           0.0000          399.45m
      1678           0.0000          398.10m
      1679           0.0000          396.71m
      1680           0.0000          395.35m
      1681           0.0000          393.98m
      1682           0.0000          392.60m
      1683           0.0000          391.23m
      1684           0.0000          389.86m
      1685           0.0000          388.57m
      1686           0.0000          387.23m
      1687           0.0000          385.85m
      1688           0.0000          384.48m
      1689           0.0000          383.13m
      1690           0.0000          381.78m
      1691           0.0000          380.44m
      1692           0.0000          379.08m
      1693           0.0000          377.74m
      1694           0.0000          376.38m
      1695           0.0000          375.03m
      1696           0.0000          373.67m
      1697           0.0000          372.30m
      1698           0.0000          370.95m
      1699           0.0000          369.63m
      1700           0.0000          368.28m
      1701           0.0000          366.96m
      1702           0.0000          365.62m
      1703           0.0000          364.26m
      1704           0.0000          362.95m
      1705           0.0000          361.61m
      1706           0.0000          360.26m
      1707           0.0000          358.91m
      1708           0.0000          357.56m
      1709           0.0000          356.23m
      1710           0.0000          354.89m
      1711           0.0000          353.54m
      1712           0.0000          352.20m
      1713           0.0000          350.87m
      1714           0.0000          349.52m
      1715           0.0000          348.20m
      1716           0.0000          346.92m
      1717           0.0000          345.60m
      1718           0.0000          344.29m
      1719           0.0000          342.96m
      1720           0.0000          341.61m
      1721           0.0000          340.27m
      1722           0.0000          338.93m
      1723           0.0000          337.61m
      1724           0.0000          336.30m
      1725           0.0000          334.99m
      1726           0.0000          333.65m
      1727           0.0000          332.35m
      1728           0.0000      