load data successfully ......
feature_importances:
Last_LON_15:	0.585653263999
Last_LAT_15:	0.300468917524
Nearest_LON_10:	0.0449720763421
Nearest_LON_7:	0.014254381431
Nearest_LON_8:	0.0134530477597
Last_LAT_14:	0.0059933494896
Nearest_LON_9:	0.00468019940378
Last_LAT_13:	0.00435377269273
Last_LON_14:	0.00385606318586
Nearest_LAT_1:	0.00194467431164
Nearest_LAT_3:	0.00124021327213
Last_LON_13:	0.00122534887999
Nearest_LAT_8:	0.00112596563463
Nearest_LAT_10:	0.00108076727855
Last_LAT_12:	0.00103130875673
Last_LON_12:	0.000804498544504
Nearest_LAT_9:	0.000753478358992
Last_LAT_8:	0.000736978268678
Nearest_LON_6:	0.000681190468131
Last_LAT_10:	0.000661530660938
Last_LAT_7:	0.000554465625441
Nearest_LAT_2:	0.000548337131572
Last_LAT_11:	0.000518137501005
Nearest_LAT_4:	0.000496032096824
Last_LAT_5:	0.000486105852459
Last_LAT_9:	0.000480038289396
Nearest_LON_4:	0.000471172914112
Nearest_LAT_6:	0.000464187314633
Nearest_LON_1:	0.000444406806612
Nearest_LAT_7:	0.000430821491711
Nearest_LON_2:	0.000376412619936
Last_LAT_6:	0.000374744675134
Nearest_LON_5:	0.000363330872995
Nearest_LON_3:	0.000355726346694
Last_LON_11:	0.000355334632164
Nearest_LAT_5:	0.000341000666561
Last_LAT_4:	0.000336394225827
Last_LAT_1:	0.000333672329876
Last_LAT_3:	0.000289314483523
Last_LAT_2:	0.000261243349594
TRJ_Haversine_DISTANCE:	0.000260171841481
Last_LON_10:	0.000231324706552
Last_LON_8:	0.000194212809534
Last_LON_9:	0.000157840484124
TRJ_Euclidean_DISTANCE:	0.000139047102052
Last_LON_5:	0.000131550933936
Last_LON_7:	0.000121426790317
Last_LON_2:	0.000121293444465
Last_LON_1:	0.000117391430222
Last_LON_3:	0.000115552519066
Last_LON_4:	0.000106644913642
TAXI_ID:	0.000103348905756
Last_LON_6:	9.56734015907e-05
Front_LON_2:	7.15859419184e-05
TRJ_TIME:	6.32220142271e-05
Nearest_Edistance4:	5.88058046269e-05
Nearest_Edistance10:	5.81790106697e-05
TRJ_SPEED:	5.41498239456e-05
Front_LON_1:	5.19139409575e-05
Nearest_Edistance9:	4.34015591388e-05
Nearest_Edistance7:	4.28762529546e-05
Nearest_Edistance1:	4.28746073832e-05
Nearest_Edistance6:	3.8490724594e-05
Nearest_Edistance8:	3.80039554528e-05
Nearest_Edistance5:	3.538441264e-05
Nearest_Edistance2:	3.45665750972e-05
Nearest_Edistance3:	3.38452527858e-05
Front_LON_3:	2.46348827324e-05
HOUROFDAY:	2.04418400741e-05
Front_LON_4:	1.92984331709e-05
Front_LAT_3:	1.92312640161e-05
Front_LAT_1:	1.85641934599e-05
Front_LON_5:	1.70927959705e-05
Front_LAT_4:	1.68633771405e-05
Front_LAT_2:	1.66941505779e-05
Front_LAT_5:	1.60725215359e-05
DAYOFWEEK:	1.0918983487e-05
IS_AWAY_CENTER:	5.50291005219e-06
Time :	11.8319221381 Hours
