load data successfully ......
feature_importances:
Last_LON_15:	0.586372521547
Last_LAT_15:	0.30008147441
Nearest_LON_10:	0.0445164896291
Nearest_LON_7:	0.0156184653294
Nearest_LON_8:	0.0123203865886
Last_LAT_14:	0.00617701540473
Nearest_LON_9:	0.00471586382256
Last_LAT_13:	0.00445701791999
Last_LON_14:	0.00434157139063
Nearest_LAT_1:	0.00192598014051
Nearest_LAT_3:	0.00121598729381
Last_LON_13:	0.00110671813964
Nearest_LAT_8:	0.00109327443487
Last_LAT_12:	0.00106408639364
Nearest_LAT_10:	0.00105944645554
Nearest_LON_6:	0.000961512803544
Last_LON_12:	0.000737736427791
Nearest_LAT_9:	0.000727113747295
Last_LAT_10:	0.00071560669488
Last_LAT_8:	0.000656360297232
Nearest_LAT_2:	0.000576914129765
Last_LAT_7:	0.000556039057932
Last_LAT_5:	0.000533250364387
Nearest_LON_4:	0.000528469020825
Last_LAT_11:	0.000509340697732
Nearest_LAT_4:	0.000456068730657
Nearest_LAT_7:	0.000421754121362
Nearest_LAT_6:	0.000395504010923
Last_LAT_4:	0.000392952791713
Last_LAT_9:	0.000388325783916
Nearest_LON_1:	0.000383352610338
Nearest_LON_3:	0.000360775163551
Last_LAT_6:	0.000359180507214
Nearest_LON_5:	0.000335962045515
Nearest_LON_2:	0.000324927206663
Nearest_LAT_5:	0.000319116946555
Last_LAT_1:	0.000312434044691
Last_LON_11:	0.000307633514354
TRJ_Haversine_DISTANCE:	0.000258981444905
Last_LAT_3:	0.00025603858698
Last_LON_10:	0.00023429766838
Last_LAT_2:	0.000224849831138
Last_LON_8:	0.00019259349412
Last_LON_9:	0.000137186120856
TRJ_Euclidean_DISTANCE:	0.000119123900628
Last_LON_4:	0.000106575654199
Last_LON_1:	0.000103367623382
Last_LON_7:	9.78256043482e-05
Last_LON_2:	9.7681646392e-05
Last_LON_5:	8.57863786066e-05
Last_LON_6:	8.51189817406e-05
Last_LON_3:	8.50946347787e-05
TAXI_ID:	8.19820039856e-05
Front_LON_2:	5.94196574417e-05
Nearest_Edistance4:	4.10709450927e-05
Front_LON_1:	3.62475267887e-05
TRJ_TIME:	3.42607840656e-05
Nearest_Edistance10:	3.37644183664e-05
Nearest_Edistance7:	2.89200909115e-05
Nearest_Edistance6:	2.85358535349e-05
TRJ_SPEED:	2.69965566642e-05
Nearest_Edistance1:	2.65728675297e-05
Nearest_Edistance9:	2.36045941625e-05
Nearest_Edistance8:	2.33599815866e-05
Nearest_Edistance5:	2.25655301942e-05
Nearest_Edistance3:	1.8738788475e-05
Nearest_Edistance2:	1.53281646493e-05
Front_LON_3:	1.41108070544e-05
Front_LON_4:	1.23738482883e-05
Front_LAT_3:	9.28121209608e-06
Front_LAT_4:	9.0539571563e-06
Front_LAT_1:	8.08938860419e-06
Front_LON_5:	7.73298395351e-06
Front_LAT_2:	6.8626095831e-06
HOUROFDAY:	6.49474572313e-06
Front_LAT_5:	5.97257273021e-06
DAYOFWEEK:	4.92480594084e-06
IS_AWAY_CENTER:	2.58411587848e-06
Time :	7.70674653358 Hours
